Determining if the pthread_create exist failed with the following output:
Change Dir: /home/vboxuser/Desktop/workdir2/test01/build-naoqi-sdk/CMakeFiles/CMakeTmp

Run Build Command:"/usr/bin/make" "cmTryCompileExec3699968332/fast"
make[1]: Entering directory `/home/vboxuser/Desktop/workdir2/test01/build-naoqi-sdk/CMakeFiles/CMakeTmp'
/usr/bin/make -f CMakeFiles/cmTryCompileExec3699968332.dir/build.make CMakeFiles/cmTryCompileExec3699968332.dir/build
make[2]: Entering directory `/home/vboxuser/Desktop/workdir2/test01/build-naoqi-sdk/CMakeFiles/CMakeTmp'
/usr/local/bin/cmake -E cmake_progress_report /home/vboxuser/Desktop/workdir2/test01/build-naoqi-sdk/CMakeFiles/CMakeTmp/CMakeFiles 1
Building C object CMakeFiles/cmTryCompileExec3699968332.dir/CheckSymbolExists.c.o
/usr/bin/cc    -o CMakeFiles/cmTryCompileExec3699968332.dir/CheckSymbolExists.c.o   -c /home/vboxuser/Desktop/workdir2/test01/build-naoqi-sdk/CMakeFiles/CMakeTmp/CheckSymbolExists.c
Linking C executable cmTryCompileExec3699968332
/usr/local/bin/cmake -E cmake_link_script CMakeFiles/cmTryCompileExec3699968332.dir/link.txt --verbose=1
/usr/bin/cc       CMakeFiles/cmTryCompileExec3699968332.dir/CheckSymbolExists.c.o  -o cmTryCompileExec3699968332 -rdynamic 
CMakeFiles/cmTryCompileExec3699968332.dir/CheckSymbolExists.c.o: In function `main':
CheckSymbolExists.c:(.text+0x16): undefined reference to `pthread_create'
collect2: ld returned 1 exit status
make[2]: Leaving directory `/home/vboxuser/Desktop/workdir2/test01/build-naoqi-sdk/CMakeFiles/CMakeTmp'
make[2]: *** [cmTryCompileExec3699968332] Error 1
make[1]: Leaving directory `/home/vboxuser/Desktop/workdir2/test01/build-naoqi-sdk/CMakeFiles/CMakeTmp'
make[1]: *** [cmTryCompileExec3699968332/fast] Error 2

File /home/vboxuser/Desktop/workdir2/test01/build-naoqi-sdk/CMakeFiles/CMakeTmp/CheckSymbolExists.c:
/* */
#include <pthread.h>

int main(int argc, char** argv)
{
  (void)argv;
#ifndef pthread_create
  return ((int*)(&pthread_create))[argc];
#else
  (void)argc;
  return 0;
#endif
}

Determining if the function pthread_create exists in the pthreads failed with the following output:
Change Dir: /home/vboxuser/Desktop/workdir2/test01/build-naoqi-sdk/CMakeFiles/CMakeTmp

Run Build Command:"/usr/bin/make" "cmTryCompileExec3059054188/fast"
make[1]: Entering directory `/home/vboxuser/Desktop/workdir2/test01/build-naoqi-sdk/CMakeFiles/CMakeTmp'
/usr/bin/make -f CMakeFiles/cmTryCompileExec3059054188.dir/build.make CMakeFiles/cmTryCompileExec3059054188.dir/build
make[2]: Entering directory `/home/vboxuser/Desktop/workdir2/test01/build-naoqi-sdk/CMakeFiles/CMakeTmp'
/usr/local/bin/cmake -E cmake_progress_report /home/vboxuser/Desktop/workdir2/test01/build-naoqi-sdk/CMakeFiles/CMakeTmp/CMakeFiles 1
Building C object CMakeFiles/cmTryCompileExec3059054188.dir/CheckFunctionExists.c.o
/usr/bin/cc   -DCHECK_FUNCTION_EXISTS=pthread_create   -o CMakeFiles/cmTryCompileExec3059054188.dir/CheckFunctionExists.c.o   -c /usr/local/share/cmake-3.2/Modules/CheckFunctionExists.c
Linking C executable cmTryCompileExec3059054188
/usr/local/bin/cmake -E cmake_link_script CMakeFiles/cmTryCompileExec3059054188.dir/link.txt --verbose=1
/usr/bin/cc   -DCHECK_FUNCTION_EXISTS=pthread_create    CMakeFiles/cmTryCompileExec3059054188.dir/CheckFunctionExists.c.o  -o cmTryCompileExec3059054188 -rdynamic -lpthreads 
/usr/bin/ld: cannot find -lpthreads
collect2: ld returned 1 exit status
make[2]: Leaving directory `/home/vboxuser/Desktop/workdir2/test01/build-naoqi-sdk/CMakeFiles/CMakeTmp'
make[2]: *** [cmTryCompileExec3059054188] Error 1
make[1]: Leaving directory `/home/vboxuser/Desktop/workdir2/test01/build-naoqi-sdk/CMakeFiles/CMakeTmp'
make[1]: *** [cmTryCompileExec3059054188/fast] Error 2


Determining if the pthread_create exist failed with the following output:
Change Dir: /home/vboxuser/Desktop/workdir2/test01/build-naoqi-sdk/CMakeFiles/CMakeTmp

Run Build Command:"/usr/bin/make" "cmTryCompileExec3073490190/fast"
/usr/bin/make -f CMakeFiles/cmTryCompileExec3073490190.dir/build.make CMakeFiles/cmTryCompileExec3073490190.dir/build
make[1]: Entering directory `/home/vboxuser/Desktop/workdir2/test01/build-naoqi-sdk/CMakeFiles/CMakeTmp'
/usr/local/bin/cmake -E cmake_progress_report /home/vboxuser/Desktop/workdir2/test01/build-naoqi-sdk/CMakeFiles/CMakeTmp/CMakeFiles 1
Building C object CMakeFiles/cmTryCompileExec3073490190.dir/CheckSymbolExists.c.o
/usr/bin/cc    -o CMakeFiles/cmTryCompileExec3073490190.dir/CheckSymbolExists.c.o   -c /home/vboxuser/Desktop/workdir2/test01/build-naoqi-sdk/CMakeFiles/CMakeTmp/CheckSymbolExists.c
Linking C executable cmTryCompileExec3073490190
/usr/local/bin/cmake -E cmake_link_script CMakeFiles/cmTryCompileExec3073490190.dir/link.txt --verbose=1
/usr/bin/cc       CMakeFiles/cmTryCompileExec3073490190.dir/CheckSymbolExists.c.o  -o cmTryCompileExec3073490190 -rdynamic 
CMakeFiles/cmTryCompileExec3073490190.dir/CheckSymbolExists.c.o: In function `main':
CheckSymbolExists.c:(.text+0x16): undefined reference to `pthread_create'
collect2: ld returned 1 exit status
make[1]: Leaving directory `/home/vboxuser/Desktop/workdir2/test01/build-naoqi-sdk/CMakeFiles/CMakeTmp'
make[1]: *** [cmTryCompileExec3073490190] Error 1
make: *** [cmTryCompileExec3073490190/fast] Error 2

File /home/vboxuser/Desktop/workdir2/test01/build-naoqi-sdk/CMakeFiles/CMakeTmp/CheckSymbolExists.c:
/* */
#include <pthread.h>

int main(int argc, char** argv)
{
  (void)argv;
#ifndef pthread_create
  return ((int*)(&pthread_create))[argc];
#else
  (void)argc;
  return 0;
#endif
}

Determining if the function pthread_create exists in the pthreads failed with the following output:
Change Dir: /home/vboxuser/Desktop/workdir2/test01/build-naoqi-sdk/CMakeFiles/CMakeTmp

Run Build Command:"/usr/bin/make" "cmTryCompileExec4220379536/fast"
/usr/bin/make -f CMakeFiles/cmTryCompileExec4220379536.dir/build.make CMakeFiles/cmTryCompileExec4220379536.dir/build
make[1]: Entering directory `/home/vboxuser/Desktop/workdir2/test01/build-naoqi-sdk/CMakeFiles/CMakeTmp'
/usr/local/bin/cmake -E cmake_progress_report /home/vboxuser/Desktop/workdir2/test01/build-naoqi-sdk/CMakeFiles/CMakeTmp/CMakeFiles 1
Building C object CMakeFiles/cmTryCompileExec4220379536.dir/CheckFunctionExists.c.o
/usr/bin/cc   -DCHECK_FUNCTION_EXISTS=pthread_create   -o CMakeFiles/cmTryCompileExec4220379536.dir/CheckFunctionExists.c.o   -c /usr/local/share/cmake-3.2/Modules/CheckFunctionExists.c
Linking C executable cmTryCompileExec4220379536
/usr/local/bin/cmake -E cmake_link_script CMakeFiles/cmTryCompileExec4220379536.dir/link.txt --verbose=1
/usr/bin/cc   -DCHECK_FUNCTION_EXISTS=pthread_create    CMakeFiles/cmTryCompileExec4220379536.dir/CheckFunctionExists.c.o  -o cmTryCompileExec4220379536 -rdynamic -lpthreads 
/usr/bin/ld: cannot find -lpthreads
collect2: ld returned 1 exit status
make[1]: Leaving directory `/home/vboxuser/Desktop/workdir2/test01/build-naoqi-sdk/CMakeFiles/CMakeTmp'
make[1]: *** [cmTryCompileExec4220379536] Error 1
make: *** [cmTryCompileExec4220379536/fast] Error 2


Determining if the pthread_create exist failed with the following output:
Change Dir: /home/vboxuser/Desktop/workdir2/test01/build-naoqi-sdk/CMakeFiles/CMakeTmp

Run Build Command:"/usr/bin/make" "cmTryCompileExec2499948637/fast"
/usr/bin/make -f CMakeFiles/cmTryCompileExec2499948637.dir/build.make CMakeFiles/cmTryCompileExec2499948637.dir/build
make[1]: Entering directory `/home/vboxuser/Desktop/workdir2/test01/build-naoqi-sdk/CMakeFiles/CMakeTmp'
/usr/local/bin/cmake -E cmake_progress_report /home/vboxuser/Desktop/workdir2/test01/build-naoqi-sdk/CMakeFiles/CMakeTmp/CMakeFiles 1
Building C object CMakeFiles/cmTryCompileExec2499948637.dir/CheckSymbolExists.c.o
/usr/bin/cc    -o CMakeFiles/cmTryCompileExec2499948637.dir/CheckSymbolExists.c.o   -c /home/vboxuser/Desktop/workdir2/test01/build-naoqi-sdk/CMakeFiles/CMakeTmp/CheckSymbolExists.c
Linking C executable cmTryCompileExec2499948637
/usr/local/bin/cmake -E cmake_link_script CMakeFiles/cmTryCompileExec2499948637.dir/link.txt --verbose=1
/usr/bin/cc       CMakeFiles/cmTryCompileExec2499948637.dir/CheckSymbolExists.c.o  -o cmTryCompileExec2499948637 -rdynamic 
CMakeFiles/cmTryCompileExec2499948637.dir/CheckSymbolExists.c.o: In function `main':
CheckSymbolExists.c:(.text+0x16): undefined reference to `pthread_create'
collect2: ld returned 1 exit status
make[1]: Leaving directory `/home/vboxuser/Desktop/workdir2/test01/build-naoqi-sdk/CMakeFiles/CMakeTmp'
make[1]: *** [cmTryCompileExec2499948637] Error 1
make: *** [cmTryCompileExec2499948637/fast] Error 2

File /home/vboxuser/Desktop/workdir2/test01/build-naoqi-sdk/CMakeFiles/CMakeTmp/CheckSymbolExists.c:
/* */
#include <pthread.h>

int main(int argc, char** argv)
{
  (void)argv;
#ifndef pthread_create
  return ((int*)(&pthread_create))[argc];
#else
  (void)argc;
  return 0;
#endif
}

Determining if the function pthread_create exists in the pthreads failed with the following output:
Change Dir: /home/vboxuser/Desktop/workdir2/test01/build-naoqi-sdk/CMakeFiles/CMakeTmp

Run Build Command:"/usr/bin/make" "cmTryCompileExec4281674488/fast"
/usr/bin/make -f CMakeFiles/cmTryCompileExec4281674488.dir/build.make CMakeFiles/cmTryCompileExec4281674488.dir/build
make[1]: Entering directory `/home/vboxuser/Desktop/workdir2/test01/build-naoqi-sdk/CMakeFiles/CMakeTmp'
/usr/local/bin/cmake -E cmake_progress_report /home/vboxuser/Desktop/workdir2/test01/build-naoqi-sdk/CMakeFiles/CMakeTmp/CMakeFiles 1
Building C object CMakeFiles/cmTryCompileExec4281674488.dir/CheckFunctionExists.c.o
/usr/bin/cc   -DCHECK_FUNCTION_EXISTS=pthread_create   -o CMakeFiles/cmTryCompileExec4281674488.dir/CheckFunctionExists.c.o   -c /usr/local/share/cmake-3.2/Modules/CheckFunctionExists.c
Linking C executable cmTryCompileExec4281674488
/usr/local/bin/cmake -E cmake_link_script CMakeFiles/cmTryCompileExec4281674488.dir/link.txt --verbose=1
/usr/bin/cc   -DCHECK_FUNCTION_EXISTS=pthread_create    CMakeFiles/cmTryCompileExec4281674488.dir/CheckFunctionExists.c.o  -o cmTryCompileExec4281674488 -rdynamic -lpthreads 
/usr/bin/ld: cannot find -lpthreads
collect2: ld returned 1 exit status
make[1]: Leaving directory `/home/vboxuser/Desktop/workdir2/test01/build-naoqi-sdk/CMakeFiles/CMakeTmp'
make[1]: *** [cmTryCompileExec4281674488] Error 1
make: *** [cmTryCompileExec4281674488/fast] Error 2


